<?xml version="1.0" encoding="UTF-8"?>
<testng-results ignored="0" total="2" passed="2" failed="0" skipped="0">
  <reporter-output>
  </reporter-output>
  <suite started-at="2022-12-10T01:16:46 IST" name="Surefire suite" finished-at="2022-12-10T01:17:03 IST" duration-ms="17327">
    <groups>
    </groups>
    <test started-at="2022-12-10T01:16:46 IST" name="Surefire test" finished-at="2022-12-10T01:17:03 IST" duration-ms="17327">
      <class name="purushotham.tests.HashMapTest">
        <test-method is-config="true" signature="launchApplication()[pri:0, instance:purushotham.tests.HashMapTest@12e61fe6]" started-at="2022-12-10T01:16:46 IST" name="launchApplication" finished-at="2022-12-10T01:16:51 IST" duration-ms="4484" status="PASS">
          <reporter-output>
          </reporter-output>
        </test-method> <!-- launchApplication -->
        <test-method signature="HashMapOrder(java.util.HashMap)[pri:0, instance:purushotham.tests.HashMapTest@12e61fe6]" started-at="2022-12-10T01:16:51 IST" name="HashMapOrder" data-provider="getDataFromHashMap" finished-at="2022-12-10T01:16:55 IST" duration-ms="4725" status="PASS">
          <params>
            <param index="0">
              <value>
                <![CDATA[{country=india, password=Puru@12345, product=ADIDAS ORIGINAL, email=purushothamtest@gmail.com}]]>
              </value>
            </param>
          </params>
          <reporter-output>
          </reporter-output>
        </test-method> <!-- HashMapOrder -->
        <test-method is-config="true" signature="closeBrowser()[pri:0, instance:purushotham.tests.HashMapTest@12e61fe6]" started-at="2022-12-10T01:16:55 IST" name="closeBrowser" finished-at="2022-12-10T01:16:56 IST" duration-ms="304" status="PASS">
          <reporter-output>
          </reporter-output>
        </test-method> <!-- closeBrowser -->
        <test-method is-config="true" signature="launchApplication()[pri:0, instance:purushotham.tests.HashMapTest@12e61fe6]" started-at="2022-12-10T01:16:56 IST" name="launchApplication" finished-at="2022-12-10T01:16:59 IST" duration-ms="3161" status="PASS">
          <reporter-output>
          </reporter-output>
        </test-method> <!-- launchApplication -->
        <test-method signature="HashMapOrder(java.util.HashMap)[pri:0, instance:purushotham.tests.HashMapTest@12e61fe6]" started-at="2022-12-10T01:16:59 IST" name="HashMapOrder" data-provider="getDataFromHashMap" finished-at="2022-12-10T01:17:03 IST" duration-ms="4318" status="PASS">
          <params>
            <param index="0">
              <value>
                <![CDATA[{country=india, password=Puru@12345, product=ZARA COAT 3, email=purushothamtest@gmail.com}]]>
              </value>
            </param>
          </params>
          <reporter-output>
          </reporter-output>
        </test-method> <!-- HashMapOrder -->
        <test-method is-config="true" signature="closeBrowser()[pri:0, instance:purushotham.tests.HashMapTest@12e61fe6]" started-at="2022-12-10T01:17:03 IST" name="closeBrowser" finished-at="2022-12-10T01:17:03 IST" duration-ms="292" status="PASS">
          <reporter-output>
          </reporter-output>
        </test-method> <!-- closeBrowser -->
      </class> <!-- purushotham.tests.HashMapTest -->
    </test> <!-- Surefire test -->
  </suite> <!-- Surefire suite -->
</testng-results>
